Arguments: 
  C:\Program Files\nodejs\node.exe C:\Program Files (x86)\Yarn\bin\yarn.js install

PATH: 
  C:\Program Files\Git\mingw64\bin;C:\Program Files\Git\usr\bin;C:\Users\T5287297\bin;C:\app\T5287297\OraHome_1\bin;C:\app\T5287297\product\11.1.0\db_1\bin;C:\Program Files (x86)\Java\jdk-14.0.1\bin;C:\WINDOWS\system32;C:\WINDOWS;C:\WINDOWS\System32\Wbem;C:\WINDOWS\System32\WindowsPowerShell\v1.0;C:\Program Files\Microsoft SQL Server\110\DTS\Binn;C:\Program Files (x86)\Microsoft SQL Server\110\Tools\Binn;C:\Program Files\Microsoft SQL Server\110\Tools\Binn;C:\Program Files (x86)\Microsoft SQL Server\110\Tools\Binn\ManagementStudio;C:\Program Files (x86)\Microsoft Visual Studio 10.0\Common7\IDE\PrivateAssemblies;C:\Program Files (x86)\Microsoft SQL Server\110\DTS\Binn;C:\Program Files\PuTTY;C:\Program Files\TortoiseSVN\bin;C:\xampp\php;C:\composer;C:\Program Files (x86)\PuTTY;C:\Android;C:\Windows\System32;C:\instantclient_12_2;C:\oracle_odbc;C:\Program Files (x86)\Bitvise SSH Client;C:\Program Files (x86)\Yarn\bin;C:\Users\T5287297\AppData\Roaming\nvm;C:\Program Files\nodejs;C:\Users\T5287297\Documents\apache-maven-3.5.0\bin;C:\HashiCorp\Vagrant\bin;C:\Program Files\TortoiseGit\bin;C:\Program Files\1E\Client\Extensibility\NomadBranch;C:\Program Files\Git\cmd;C:\Users\T5287297\.windows-build-tools\python27;C:\Users\T5287297\AppData\Roaming\npm;C:\Program Files\MongoDB\Server\4.2\bin;C:\py37\Scripts;C:\py37;C:\Program Files (x86)\Microsoft Visual Studio\Common\Tools\WinNT;C:\Program Files (x86)\Microsoft Visual Studio\Common\MSDev98\Bin;C:\Program Files (x86)\Microsoft Visual Studio\Common\Tools;C:\Program Files (x86)\Microsoft Visual Studio\VC98\bin;C:\laragon\bin;C:\laragon\bin\apache\httpd-2.4.35-win64-VC15\bin;C:\laragon\bin\composer;C:\laragon\bin\laragon\utils;C:\laragon\bin\mysql\mysql-5.7.24-winx64\bin;C:\laragon\bin\nginx\nginx-1.14.0;C:\laragon\bin\ngrok;C:\laragon\bin\notepad++;C:\laragon\bin\php\php-7.2.11-Win32-VC15-x64;C:\laragon\bin\putty;C:\laragon\bin\redis\redis-x64-3.2.100;C:\laragon\bin\telnet;C:\laragon\usr\bin;C:\Program Files\Git\usr\bin;C:\Users\T5287297\AppData\Local\Yarn\config\global\node_modules\.bin;C:\Users\T5287297\AppData\Roaming\Composer\vendor\bin;C:\instantclient_12_2;C:\Users\T5287297\AppData\Local\Microsoft\WindowsApps;C:\Users\T5287297\AppData\Local\atom\bin;C:\Users\T5287297\AppData\Local\Programs\Microsoft VS Code\bin;C:\Users\T5287297;C:\Users\T5287297\AppData\Local\Programs\Fiddler;C:\MinGW\msys\1.0\bin;C:\Users\T5287297\AppData\Roaming\nvm;C:\Program Files\nodejs

Yarn version: 
  1.17.3

Node version: 
  12.16.0

Platform: 
  win32 x64

Trace: 
  Error: getaddrinfo ENOTFOUND bishop.digital-solutions.saint-gobain.com
      at GetAddrInfoReqWrap.onlookup [as oncomplete] (dns.js:64:26)

npm manifest: 
  {
    "name": "my-first-app",
    "version": "0.0.0",
    "scripts": {
      "ng": "ng",
      "start": "ng serve",
      "build": "ng build",
      "test": "ng test",
      "lint": "ng lint",
      "e2e": "ng e2e"
    },
    "private": true,
    "dependencies": {
      "@angular/animations": "^8.0.0",
      "@angular/compiler": "^8.0.0",
      "@angular/common": "^8.0.0",
      "@angular/core": "^8.0.0",
      "@angular/forms": "^8.0.0",
      "@angular/platform-browser": "^8.0.0",
      "@angular/platform-browser-dynamic": "^8.0.0",
      "@angular/router": "^8.0.0",
      "bootstrap": "3.3.7",
      "core-js": "^3.1.2",
      "rxjs": "6.3.3",
      "rxjs-compat": "^6.0.0",
      "zone.js": "^0.9.1",
      "tslib": "^1.9.0"
    },
    "devDependencies": {
      "@angular/compiler-cli": "^8.0.0",
      "@angular-devkit/build-angular": "~0.800.0",
      "typescript": "3.4.5",
      "@angular/cli": "^8.0.0",
      "@angular/language-service": "^8.0.0",
      "@types/jasmine": "~3.3.12",
      "@types/jasminewd2": "~2.0.3",
      "@types/node": "~12.0.2",
      "codelyzer": "^5.0.1",
      "jasmine-core": "~3.4.0",
      "jasmine-spec-reporter": "~4.2.1",
      "karma": "~4.1.0",
      "karma-chrome-launcher": "~2.2.0",
      "karma-coverage-istanbul-reporter": "~2.0.1",
      "karma-jasmine": "~2.0.1",
      "karma-jasmine-html-reporter": "^1.4.2",
      "protractor": "~5.4.0",
      "ts-node": "~8.1.0",
      "tslint": "~5.11.0"
    }
  }

yarn manifest: 
  No manifest

Lockfile: 
  No lockfile
